<?xml version="1.0" encoding="UTF-8"?>
<!-- Generated by org.testng.reporters.JUnitReportReporter -->
<testsuite hostname="DESKTOP-8JHDCEG" failures="0" tests="2" name="testNG_practice.testNG_BC_AC" time="0.056" errors="0" timestamp="24 Jan 2024 01:17:15 GMT">
  <testcase classname="testNG_practice.testNG_BC_AC" name="deleteemp" time="0.022"/>
  <testcase classname="testNG_practice.testNG_BC_AC" name="addemp" time="0.034"/>
</testsuite> <!-- testNG_practice.testNG_BC_AC -->
