<?xml version="1.0" encoding="UTF-8"?>
<!-- Generated by org.testng.reporters.JUnitReportReporter -->
<testsuite hostname="DESKTOP-8JHDCEG" failures="0" tests="3" name="testNG_practice.testNG_program" time="0.121" errors="0" timestamp="24 Jan 2024 01:09:10 GMT">
  <testcase classname="testNG_practice.testNG_program" name="login" time="0.025"/>
  <testcase classname="testNG_practice.testNG_program" name="addemp" time="0.070"/>
  <testcase classname="testNG_practice.testNG_program" name="logout" time="0.026"/>
</testsuite> <!-- testNG_practice.testNG_program -->
