<?xml version="1.0" encoding="UTF-8"?>
<!-- Generated by org.testng.reporters.JUnitReportReporter -->
<testsuite hostname="DESKTOP-8JHDCEG" failures="0" tests="1" name="testNG_exp.Web_Testng_Excel" time="13.719" errors="0" timestamp="2024-01-25T14:55:28 IST" skipped="0">
  <testcase classname="testNG_exp.Web_Testng_Excel" name="tc001" time="13.719"/>
  <system-out>
    <![CDATA[nareshit
nareshit
Application opened
Login completed
Logout completed]]>
  </system-out>
</testsuite> <!-- testNG_exp.Web_Testng_Excel -->
