<?xml version="1.0" encoding="UTF-8"?>
<!-- Generated by org.testng.reporters.JUnitReportReporter -->
<testsuite hostname="DESKTOP-8JHDCEG" failures="0" tests="2" name="testNG_practice.testNG_Example_priority" time="0.053" errors="0" timestamp="24 Jan 2024 01:25:23 GMT">
  <testcase classname="testNG_practice.testNG_Example_priority" name="addemp" time="0.018"/>
  <testcase classname="testNG_practice.testNG_Example_priority" name="deleteemp" time="0.035"/>
</testsuite> <!-- testNG_practice.testNG_Example_priority -->
